<?xml version="1.0" encoding="UTF-8"?>
<testng-results skipped="0" failed="1" total="3" passed="2">
  <reporter-output>
  </reporter-output>
  <suite name="CNN App running on Firefox Browser" duration-ms="75355" started-at="2015-09-20T09:40:18Z" finished-at="2015-09-20T09:41:34Z">
    <groups>
    </groups>
    <test name="TableData Read" duration-ms="75355" started-at="2015-09-20T09:40:18Z" finished-at="2015-09-20T09:41:34Z">
      <class name="CignaTest.GlobalProducts">
        <test-method status="PASS" signature="setUp(boolean, java.lang.String, java.lang.String, java.lang.String, java.lang.String, java.lang.String, java.lang.String)[pri:0, instance:CignaTest.GlobalProducts@26ba2a48]" name="setUp" is-config="true" duration-ms="26420" started-at="2015-09-20T02:40:18Z" finished-at="2015-09-20T02:40:45Z">
          <params>
            <param index="0">
              <value>
                <![CDATA[false]]>
              </value>
            </param>
            <param index="1">
              <value>
                <![CDATA[your user name]]>
              </value>
            </param>
            <param index="2">
              <value>
                <![CDATA[your access key]]>
              </value>
            </param>
            <param index="3">
              <value>
                <![CDATA[http://www.cigna.com/]]>
              </value>
            </param>
            <param index="4">
              <value>
                <![CDATA[Windows 8]]>
              </value>
            </param>
            <param index="5">
              <value>
                <![CDATA[firefox]]>
              </value>
            </param>
            <param index="6">
              <value>
                <![CDATA[39.0]]>
              </value>
            </param>
          </params>
          <reporter-output>
          </reporter-output>
        </test-method> <!-- setUp -->
        <test-method status="PASS" signature="global()[pri:0, instance:CignaTest.GlobalProducts@26ba2a48]" name="global" duration-ms="8562" started-at="2015-09-20T02:40:45Z" finished-at="2015-09-20T02:40:53Z">
          <reporter-output>
          </reporter-output>
        </test-method> <!-- global -->
        <test-method status="PASS" signature="cleanUp()[pri:0, instance:CignaTest.GlobalProducts@26ba2a48]" name="cleanUp" is-config="true" duration-ms="663" started-at="2015-09-20T02:40:53Z" finished-at="2015-09-20T02:40:54Z">
          <reporter-output>
          </reporter-output>
        </test-method> <!-- cleanUp -->
      </class> <!-- CignaTest.GlobalProducts -->
      <class name="CignaTest.navigate">
        <test-method status="PASS" signature="setUp(boolean, java.lang.String, java.lang.String, java.lang.String, java.lang.String, java.lang.String, java.lang.String)[pri:0, instance:CignaTest.navigate@2ef9b8bc]" name="setUp" is-config="true" duration-ms="17187" started-at="2015-09-20T02:40:54Z" finished-at="2015-09-20T02:41:11Z">
          <params>
            <param index="0">
              <value>
                <![CDATA[false]]>
              </value>
            </param>
            <param index="1">
              <value>
                <![CDATA[your user name]]>
              </value>
            </param>
            <param index="2">
              <value>
                <![CDATA[your access key]]>
              </value>
            </param>
            <param index="3">
              <value>
                <![CDATA[http://www.cigna.com/]]>
              </value>
            </param>
            <param index="4">
              <value>
                <![CDATA[Windows 8]]>
              </value>
            </param>
            <param index="5">
              <value>
                <![CDATA[firefox]]>
              </value>
            </param>
            <param index="6">
              <value>
                <![CDATA[39.0]]>
              </value>
            </param>
          </params>
          <reporter-output>
          </reporter-output>
        </test-method> <!-- setUp -->
        <test-method status="PASS" signature="navigatecigna()[pri:0, instance:CignaTest.navigate@2ef9b8bc]" name="navigatecigna" duration-ms="2287" started-at="2015-09-20T02:41:11Z" finished-at="2015-09-20T02:41:14Z">
          <reporter-output>
          </reporter-output>
        </test-method> <!-- navigatecigna -->
        <test-method status="PASS" signature="cleanUp()[pri:0, instance:CignaTest.navigate@2ef9b8bc]" name="cleanUp" is-config="true" duration-ms="540" started-at="2015-09-20T02:41:14Z" finished-at="2015-09-20T02:41:14Z">
          <reporter-output>
          </reporter-output>
        </test-method> <!-- cleanUp -->
      </class> <!-- CignaTest.navigate -->
      <class name="CignaTest.Search">
        <test-method status="PASS" signature="setUp(boolean, java.lang.String, java.lang.String, java.lang.String, java.lang.String, java.lang.String, java.lang.String)[pri:0, instance:CignaTest.Search@5d624da6]" name="setUp" is-config="true" duration-ms="19148" started-at="2015-09-20T02:41:14Z" finished-at="2015-09-20T02:41:33Z">
          <params>
            <param index="0">
              <value>
                <![CDATA[false]]>
              </value>
            </param>
            <param index="1">
              <value>
                <![CDATA[your user name]]>
              </value>
            </param>
            <param index="2">
              <value>
                <![CDATA[your access key]]>
              </value>
            </param>
            <param index="3">
              <value>
                <![CDATA[http://www.cigna.com/]]>
              </value>
            </param>
            <param index="4">
              <value>
                <![CDATA[Windows 8]]>
              </value>
            </param>
            <param index="5">
              <value>
                <![CDATA[firefox]]>
              </value>
            </param>
            <param index="6">
              <value>
                <![CDATA[39.0]]>
              </value>
            </param>
          </params>
          <reporter-output>
          </reporter-output>
        </test-method> <!-- setUp -->
        <test-method status="FAIL" signature="SearchItems()[pri:0, instance:CignaTest.Search@5d624da6]" name="SearchItems" duration-ms="1" started-at="2015-09-20T02:41:33Z" finished-at="2015-09-20T02:41:33Z">
          <exception class="java.io.FileNotFoundException">
            <message>
              <![CDATA[Cigna\Data\file1.xls (The system cannot find the path specified)]]>
            </message>
            <full-stacktrace>
              <![CDATA[java.io.FileNotFoundException: Cigna\Data\file1.xls (The system cannot find the path specified)
	at java.io.FileInputStream.open0(Native Method)
	at java.io.FileInputStream.open(FileInputStream.java:195)
	at java.io.FileInputStream.<init>(FileInputStream.java:138)
	at util.DataReader.fileReader(DataReader.java:27)
	at CignaTest.Search.SearchItems(Search.java:21)
	at sun.reflect.NativeMethodAccessorImpl.invoke0(Native Method)
	at sun.reflect.NativeMethodAccessorImpl.invoke(NativeMethodAccessorImpl.java:62)
	at sun.reflect.DelegatingMethodAccessorImpl.invoke(DelegatingMethodAccessorImpl.java:43)
	at java.lang.reflect.Method.invoke(Method.java:497)
	at org.testng.internal.MethodInvocationHelper.invokeMethod(MethodInvocationHelper.java:85)
	at org.testng.internal.Invoker.invokeMethod(Invoker.java:639)
	at org.testng.internal.Invoker.invokeTestMethod(Invoker.java:821)
	at org.testng.internal.Invoker.invokeTestMethods(Invoker.java:1131)
	at org.testng.internal.TestMethodWorker.invokeTestMethods(TestMethodWorker.java:124)
	at org.testng.internal.TestMethodWorker.run(TestMethodWorker.java:108)
	at org.testng.TestRunner.privateRun(TestRunner.java:773)
	at org.testng.TestRunner.run(TestRunner.java:623)
	at org.testng.SuiteRunner.runTest(SuiteRunner.java:357)
	at org.testng.SuiteRunner.runSequentially(SuiteRunner.java:352)
	at org.testng.SuiteRunner.privateRun(SuiteRunner.java:310)
	at org.testng.SuiteRunner.run(SuiteRunner.java:259)
	at org.testng.SuiteRunnerWorker.runSuite(SuiteRunnerWorker.java:52)
	at org.testng.SuiteRunnerWorker.run(SuiteRunnerWorker.java:86)
	at org.testng.TestNG.runSuitesSequentially(TestNG.java:1185)
	at org.testng.TestNG.runSuitesLocally(TestNG.java:1110)
	at org.testng.TestNG.run(TestNG.java:1018)
	at org.apache.maven.surefire.testng.TestNGExecutor.run(TestNGExecutor.java:295)
	at org.apache.maven.surefire.testng.TestNGXmlTestSuite.execute(TestNGXmlTestSuite.java:84)
	at org.apache.maven.surefire.testng.TestNGProvider.invoke(TestNGProvider.java:90)
	at org.apache.maven.surefire.booter.ForkedBooter.invokeProviderInSameClassLoader(ForkedBooter.java:203)
	at org.apache.maven.surefire.booter.ForkedBooter.runSuitesInProcess(ForkedBooter.java:155)
	at org.apache.maven.surefire.booter.ForkedBooter.main(ForkedBooter.java:103)
]]>
            </full-stacktrace>
          </exception> <!-- java.io.FileNotFoundException -->
          <reporter-output>
          </reporter-output>
        </test-method> <!-- SearchItems -->
        <test-method status="PASS" signature="cleanUp()[pri:0, instance:CignaTest.Search@5d624da6]" name="cleanUp" is-config="true" duration-ms="507" started-at="2015-09-20T02:41:33Z" finished-at="2015-09-20T02:41:34Z">
          <reporter-output>
          </reporter-output>
        </test-method> <!-- cleanUp -->
      </class> <!-- CignaTest.Search -->
    </test> <!-- TableData Read -->
  </suite> <!-- CNN App running on Firefox Browser -->
</testng-results>
