<?xml version="1.0" encoding="UTF-8"?>
<testng-results skipped="0" failed="0" total="1" passed="1">
  <reporter-output>
  </reporter-output>
  <suite name="Voa App running on Firefox Browser" duration-ms="21605" started-at="2015-09-20T08:39:09Z" finished-at="2015-09-20T08:39:31Z">
    <groups>
    </groups>
    <test name="LogIn Page" duration-ms="21605" started-at="2015-09-20T08:39:09Z" finished-at="2015-09-20T08:39:31Z">
      <class name="voa.LogIn">
        <test-method status="PASS" signature="setUp(boolean, java.lang.String, java.lang.String, java.lang.String, java.lang.String, java.lang.String, java.lang.String)[pri:0, instance:voa.LogIn@3cda1055]" name="setUp" is-config="true" duration-ms="10776" started-at="2015-09-20T01:39:09Z" finished-at="2015-09-20T01:39:20Z">
          <params>
            <param index="0">
              <value>
                <![CDATA[false]]>
              </value>
            </param>
            <param index="1">
              <value>
                <![CDATA[mdmowla01]]>
              </value>
            </param>
            <param index="2">
              <value>
                <![CDATA[9cdb37f0-1e0c-4f39-883b-5ddc43177aa6]]>
              </value>
            </param>
            <param index="3">
              <value>
                <![CDATA[http://www.voanews.com/]]>
              </value>
            </param>
            <param index="4">
              <value>
                <![CDATA[Windows 8]]>
              </value>
            </param>
            <param index="5">
              <value>
                <![CDATA[firefox]]>
              </value>
            </param>
            <param index="6">
              <value>
                <![CDATA[39.0]]>
              </value>
            </param>
          </params>
          <reporter-output>
          </reporter-output>
        </test-method> <!-- setUp -->
        <test-method status="PASS" signature="logIn()[pri:0, instance:voa.LogIn@3cda1055]" name="logIn" duration-ms="10213" started-at="2015-09-20T01:39:20Z" finished-at="2015-09-20T01:39:30Z">
          <reporter-output>
          </reporter-output>
        </test-method> <!-- logIn -->
        <test-method status="PASS" signature="cleanUp()[pri:0, instance:voa.LogIn@3cda1055]" name="cleanUp" is-config="true" duration-ms="601" started-at="2015-09-20T01:39:30Z" finished-at="2015-09-20T01:39:31Z">
          <reporter-output>
          </reporter-output>
        </test-method> <!-- cleanUp -->
      </class> <!-- voa.LogIn -->
    </test> <!-- LogIn Page -->
  </suite> <!-- Voa App running on Firefox Browser -->
</testng-results>
