<?xml version="1.0" encoding="UTF-8"?>
<!-- Generated by org.testng.reporters.JUnitXMLReporter -->
<testsuite hostname="Masud-PC" name="TableData Read" tests="3" failures="1" timestamp="20 Sep 2015 09:41:34 GMT" time="75.355" errors="0">
  <testcase name="global" time="8.562" classname="CignaTest.GlobalProducts"/>
  <testcase name="navigatecigna" time="2.287" classname="CignaTest.navigate"/>
  <testcase name="SearchItems" time="0.001" classname="CignaTest.Search">
    <failure type="java.io.FileNotFoundException" message="Cigna\Data\file1.xls (The system cannot find the path specified)">
      <![CDATA[java.io.FileNotFoundException: Cigna\Data\file1.xls (The system cannot find the path specified)
	at java.io.FileInputStream.open0(Native Method)
	at java.io.FileInputStream.open(FileInputStream.java:195)
	at java.io.FileInputStream.<init>(FileInputStream.java:138)
	at util.DataReader.fileReader(DataReader.java:27)
	at CignaTest.Search.SearchItems(Search.java:21)
... Removed 27 stack frames]]>
    </failure>
  </testcase> <!-- SearchItems -->
</testsuite> <!-- TableData Read -->
